<?xml version="1.0" encoding="UTF-8"?>
<!-- Generated by org.testng.reporters.JUnitXMLReporter -->
<testsuite ignored="2" hostname="Ragavi" failures="0" tests="1" name="Default test" time="145.41" errors="0" timestamp="2024-09-04T11:17:36 IST">
  <testcase classname="com.vTiger.contactTest.CreateContact_Test" name="createContact_Test" time="82.778"/>
  <testcase classname="com.vTiger.contactTest.CreateContact_Test" name="createContactWithOrganization_Test" time="0.0">
    <ignored/>
  </testcase> <!-- createContactWithOrganization_Test -->
  <testcase classname="com.vTiger.contactTest.CreateContact_Test" name="createContactWithSupportDate_Test" time="0.0">
    <ignored/>
  </testcase> <!-- createContactWithSupportDate_Test -->
</testsuite> <!-- Default test -->
