<?xml version="1.0" encoding="UTF-8"?>
<testng-results ignored="2" total="3" passed="1" failed="0" skipped="0">
  <reporter-output>
    <line>
      <![CDATA[Report configuration]]>
    </line>
    <line>
      <![CDATA[createContact_TestTest started]]>
    </line>
    <line>
      <![CDATA[createContact_TestTest success]]>
    </line>
  </reporter-output>
  <suite started-at="2024-09-04T11:15:11 IST" name="Default suite" finished-at="2024-09-04T11:17:36 IST" duration-ms="145410">
    <groups>
      <group name="smokeTest">
        <method signature="CreateContact_Test.createContact_Test()[pri:0, instance:com.vTiger.contactTest.CreateContact_Test@3ba987b8]" name="createContact_Test" class="com.vTiger.contactTest.CreateContact_Test"/>
      </group> <!-- smokeTest -->
    </groups>
    <test started-at="2024-09-04T11:15:11 IST" name="Default test" finished-at="2024-09-04T11:17:36 IST" duration-ms="145410">
      <class name="com.vTiger.contactTest.CreateContact_Test">
        <test-method is-config="true" signature="beforeSuite()[pri:0, instance:com.vTiger.contactTest.CreateContact_Test@3ba987b8]" started-at="2024-09-04T11:13:28 IST" name="beforeSuite" finished-at="2024-09-04T11:15:11 IST" duration-ms="102611" status="PASS">
          <reporter-output>
          </reporter-output>
        </test-method> <!-- beforeSuite -->
        <test-method is-config="true" signature="beforeClass()[pri:0, instance:com.vTiger.contactTest.CreateContact_Test@3ba987b8]" started-at="2024-09-04T11:15:11 IST" name="beforeClass" finished-at="2024-09-04T11:15:31 IST" duration-ms="20377" status="PASS">
          <reporter-output>
          </reporter-output>
        </test-method> <!-- beforeClass -->
        <test-method is-config="true" signature="beforeTest()[pri:0, instance:com.vTiger.contactTest.CreateContact_Test@3ba987b8]" started-at="2024-09-04T11:15:31 IST" name="beforeTest" finished-at="2024-09-04T11:15:51 IST" duration-ms="19945" status="PASS">
          <reporter-output>
          </reporter-output>
        </test-method> <!-- beforeTest -->
        <test-method signature="createContact_Test()[pri:0, instance:com.vTiger.contactTest.CreateContact_Test@3ba987b8]" started-at="2024-09-04T11:15:51 IST" name="createContact_Test" finished-at="2024-09-04T11:17:14 IST" duration-ms="82778" status="PASS">
          <reporter-output>
            <line>
              <![CDATA[createContact_TestTest started]]>
            </line>
            <line>
              <![CDATA[createContact_TestTest success]]>
            </line>
          </reporter-output>
        </test-method> <!-- createContact_Test -->
        <test-method is-config="true" signature="afterTest()[pri:0, instance:com.vTiger.contactTest.CreateContact_Test@3ba987b8]" started-at="2024-09-04T11:17:14 IST" name="afterTest" finished-at="2024-09-04T11:17:32 IST" duration-ms="18206" status="PASS">
          <reporter-output>
          </reporter-output>
        </test-method> <!-- afterTest -->
        <test-method is-config="true" signature="afterClass()[pri:0, instance:com.vTiger.contactTest.CreateContact_Test@3ba987b8]" started-at="2024-09-04T11:17:32 IST" name="afterClass" finished-at="2024-09-04T11:17:36 IST" duration-ms="3939" status="PASS">
          <reporter-output>
          </reporter-output>
        </test-method> <!-- afterClass -->
        <test-method is-config="true" signature="afterSuite()[pri:0, instance:com.vTiger.contactTest.CreateContact_Test@3ba987b8]" started-at="2024-09-04T11:17:36 IST" name="afterSuite" finished-at="2024-09-04T11:17:41 IST" duration-ms="4759" status="PASS">
          <reporter-output>
          </reporter-output>
        </test-method> <!-- afterSuite -->
      </class> <!-- com.vTiger.contactTest.CreateContact_Test -->
    </test> <!-- Default test -->
  </suite> <!-- Default suite -->
</testng-results>
