<?xml version="1.0" encoding="UTF-8"?>
<!-- Generated by org.testng.reporters.JUnitXMLReporter -->
<testsuite ignored="0" hostname="Ragavi" failures="0" tests="3" name="Test Runner 1" time="46.005" errors="0" timestamp="2024-08-28T17:43:46 IST">
  <testcase classname="com.vTiger.organizationTest.CreateOrganization_Test" name="createOrganizationWithIndustryType_Test" time="11.853"/>
  <testcase classname="com.vTiger.organizationTest.CreateOrganization_Test" name="createOrganizationWithPhoneNumber_Test" time="7.128"/>
  <testcase classname="com.vTiger.organizationTest.CreateOrganization_Test" name="createOrganization_Test" time="6.505"/>
</testsuite> <!-- Test Runner 1 -->
