<?xml version="1.0" encoding="UTF-8"?>
<!-- Generated by org.testng.reporters.JUnitXMLReporter -->
<testsuite ignored="0" hostname="Ragavi" failures="1" tests="2" name="Test" time="11.663" errors="0" timestamp="2024-08-23T13:07:01 IST">
  <testcase classname="TestNGPracticeTest.createInvoiceTest" name="billInvoice" time="0.016"/>
  <testcase classname="TestNGPracticeTest.createInvoiceTest" name="createInvoice" time="0.048">
    <failure type="java.lang.AssertionError" message="expected [Administrator - Home - vtiger CRM 5 - Commercial Open Source CRM] but found [Login]">
      <![CDATA[java.lang.AssertionError: expected [Administrator - Home - vtiger CRM 5 - Commercial Open Source CRM] but found [Login]
at TestNGPracticeTest.createInvoiceTest.createInvoice(createInvoiceTest.java:18)
at java.base/java.util.ArrayList.forEach(ArrayList.java:1511)
... Removed 33 stack frames]]>
    </failure>
  </testcase> <!-- createInvoice -->
</testsuite> <!-- Test -->
