<?xml version="1.0" encoding="UTF-8"?>
<!-- Generated by org.testng.reporters.JUnitXMLReporter -->
<testsuite ignored="2" hostname="Ragavi" failures="0" tests="6" name="Test Runner Chrome" time="170.085" errors="0" timestamp="2024-08-24T10:00:15 IST">
  <testcase classname="com.vTiger.contactTest.CreateContact_Test" name="createContactWithOrganization_Test" time="37.123"/>
  <testcase classname="com.vTiger.contactTest.CreateContact_Test" name="createContactWithSupportDate_Test" time="16.76"/>
  <testcase classname="com.vTiger.contactTest.CreateContact_Test" name="createContact_Test" time="16.02"/>
  <testcase classname="com.vTiger.organizationTest.CreateOrganization_Test" name="createOrganizationWithIndustryType_Test" time="20.028"/>
  <testcase classname="com.vTiger.organizationTest.CreateOrganization_Test" name="createOrganizationWithPhoneNumber_Test" time="13.699"/>
  <testcase classname="com.vTiger.organizationTest.CreateOrganization_Test" name="createOrganization_Test" time="13.852"/>
  <testcase classname="com.vTiger.generic.BaseTest.BaseClass" name="@BeforeSuite beforeSuite" time="0.0">
    <ignored/>
  </testcase> <!-- @BeforeSuite beforeSuite -->
  <testcase classname="com.vTiger.generic.BaseTest.BaseClass" name="@AfterSuite afterSuite" time="0.0">
    <ignored/>
  </testcase> <!-- @AfterSuite afterSuite -->
</testsuite> <!-- Test Runner Chrome -->
